01-21 00:44:24 com_github_MitjaNemec_ReplicateLayout.action_replicate_layout 392:Plugin executed on: 'darwin'
01-21 00:44:24 com_github_MitjaNemec_ReplicateLayout.action_replicate_layout 393:Plugin executed with python version: '3.9.13 (v3.9.13:6de2ca5339, May 17 2022, 11:37:23) \n[Clang 13.0.0 (clang-1300.0.29.30)]'
01-21 00:44:24 com_github_MitjaNemec_ReplicateLayout.action_replicate_layout 394:KiCad build version: 7.0.9
01-21 00:44:24 com_github_MitjaNemec_ReplicateLayout.action_replicate_layout 395:Plugin version: 2.1.3
01-21 00:44:24 com_github_MitjaNemec_ReplicateLayout.action_replicate_layout 396:Frame repr: <wx._core.Frame object at 0x11b6841f0>
01-21 00:44:24 com_github_MitjaNemec_ReplicateLayout.action_replicate_layout 420:Preparing replicator with U3 as a reference
01-21 00:44:24 com_github_MitjaNemec_ReplicateLayout.replicate_layout 117:getting a list of all footprints on board
01-21 00:44:24 com_github_MitjaNemec_ReplicateLayout.action_replicate_layout 468:source anchor footprint is 'U3'
Located on: ['Max7219_8x8']
With filenames: ['Max7219_8x8.kicad_sch']
With sheet_id:['Max7219_8x8']
01-21 00:44:24 com_github_MitjaNemec_ReplicateLayout.action_replicate_layout 475:Corresponding footprints are 
[('U7', ['Max7219_8x11']), ('U5', ['Max7219_8x10']), ('U1', ['Max7219_8x9']), ('U3', ['Max7219_8x8'])]
01-21 00:44:24 com_github_MitjaNemec_ReplicateLayout.action_replicate_layout 487:Showing dialog
01-21 00:44:24 com_github_MitjaNemec_ReplicateLayout.replicate_layout 424:constructing a list of sheets suitable for replication on level:'Max7219_8x8', file:'Max7219_8x8.kicad_sch'
01-21 00:44:24 com_github_MitjaNemec_ReplicateLayout.replicate_layout 461:suitable sheets are:[['Max7219_8x10'], ['Max7219_8x11'], ['Max7219_8x9']]
01-21 00:44:24 com_github_MitjaNemec_ReplicateLayout.replicate_layout 1464:Level selected: ['Max7219_8x8']
01-21 00:44:24 com_github_MitjaNemec_ReplicateLayout.replicate_layout 1299:Filtering list of tracks
01-21 00:44:24 com_github_MitjaNemec_ReplicateLayout.action_replicate_layout 493:Toolbar position: wx.Point(1275, 130)
01-21 00:44:24 com_github_MitjaNemec_ReplicateLayout.action_replicate_layout 498:Dialog position: wx.Point(836, 130)
01-21 00:44:25 com_github_MitjaNemec_ReplicateLayout.replicate_layout 424:constructing a list of sheets suitable for replication on level:'Max7219_8x8', file:'Max7219_8x8.kicad_sch'
01-21 00:44:25 com_github_MitjaNemec_ReplicateLayout.replicate_layout 461:suitable sheets are:[['Max7219_8x10'], ['Max7219_8x11'], ['Max7219_8x9']]
01-21 00:44:25 com_github_MitjaNemec_ReplicateLayout.action_replicate_layout 240:Replicating layout
01-21 00:44:25 com_github_MitjaNemec_ReplicateLayout.replicate_layout 240:Starting replication of sheets: [['Max7219_8x10'], ['Max7219_8x11'], ['Max7219_8x9']]
on level: ['Max7219_8x8']
with tracks=True, zone=True, text=True, text=True, intersecting=False, remove=False, locked footprints=False, group_only=False
01-21 00:44:25 root 332:updating GUI message: 'Preparing for replication'
01-21 00:44:25 root 337:updating GUI with: 0
01-21 00:44:25 com_github_MitjaNemec_ReplicateLayout.replicate_layout 310:Getting the list of source footprints
01-21 00:44:25 root 337:updating GUI with: 0
01-21 00:44:25 com_github_MitjaNemec_ReplicateLayout.replicate_layout 320:Getting the list of all the remaining footprints
01-21 00:44:25 com_github_MitjaNemec_ReplicateLayout.replicate_layout 327:Getting source tracks
01-21 00:44:25 com_github_MitjaNemec_ReplicateLayout.replicate_layout 1299:Filtering list of tracks
01-21 00:44:25 com_github_MitjaNemec_ReplicateLayout.replicate_layout 331:Getting source zones
01-21 00:44:25 com_github_MitjaNemec_ReplicateLayout.replicate_layout 335:Getting source text items
01-21 00:44:25 com_github_MitjaNemec_ReplicateLayout.replicate_layout 339:Getting source drawing items
01-21 00:44:25 root 332:updating GUI message: 'Replicating footprints'
01-21 00:44:25 com_github_MitjaNemec_ReplicateLayout.replicate_layout 806:Replicating footprints
01-21 00:44:25 com_github_MitjaNemec_ReplicateLayout.replicate_layout 813:Replicating footprints on sheet ['Max7219_8x10']
01-21 00:44:25 com_github_MitjaNemec_ReplicateLayout.replicate_layout 813:Replicating footprints on sheet ['Max7219_8x11']
01-21 00:44:25 com_github_MitjaNemec_ReplicateLayout.replicate_layout 813:Replicating footprints on sheet ['Max7219_8x9']
01-21 00:44:25 root 332:updating GUI message: 'Replicating tracks'
01-21 00:44:25 com_github_MitjaNemec_ReplicateLayout.replicate_layout 977:Replicating tracks
01-21 00:44:25 com_github_MitjaNemec_ReplicateLayout.replicate_layout 983:Replicating tracks on sheet ['Max7219_8x10']
01-21 00:44:25 com_github_MitjaNemec_ReplicateLayout.replicate_layout 766:Net pairs for sheet ['Max7219_8x10'] :[('/Max7219_8x8/GND', '/Max7219_8x10/GND'), ('Net-(U3-DIG_2)', 'Net-(U5-DIG_2)'), ('Net-(U3-SEG_D)', 'Net-(U5-SEG_D)'), ('Net-(U3-SEG_G)', 'Net-(U5-SEG_G)'), ('Net-(U3-ISET)', 'Net-(U5-ISET)'), ('/Max7219_8x8/DIN', '/Max7219_8x10/DIN'), ('/Max7219_8x8/VCC', '/Max7219_8x10/VCC'), ('/Max7219_8x8/CS', '/Max7219_8x10/CS'), ('Net-(U3-SEG_B)', 'Net-(U5-SEG_B)'), ('Net-(U3-DIG_5)', 'Net-(U5-DIG_5)'), ('Net-(U3-DIG_3)', 'Net-(U5-DIG_3)'), ('Net-(U3-DIG_6)', 'Net-(U5-DIG_6)'), ('Net-(U3-SEG_E)', 'Net-(U5-SEG_E)'), ('Net-(U3-DIG_4)', 'Net-(U5-DIG_4)'), ('Net-(U3-SEG_F)', 'Net-(U5-SEG_F)'), ('Net-(U3-DIG_0)', 'Net-(U5-DIG_0)'), ('/Max7219_8x8/CLK', '/Max7219_8x10/CLK'), ('Net-(U3-SEG_DP)', 'Net-(U5-SEG_DP)'), ('Net-(U3-DIG_7)', 'Net-(U5-DIG_7)'), ('Net-(U3-SEG_A)', 'Net-(U5-SEG_A)'), ('/Max7219_8x8/DOUT', '/Max7219_8x10/DOUT'), ('Net-(U3-DIG_1)', 'Net-(U5-DIG_1)'), ('Net-(U3-SEG_C)', 'Net-(U5-SEG_C)')]
01-21 00:44:25 root 337:updating GUI with: 2
01-21 00:44:25 com_github_MitjaNemec_ReplicateLayout.replicate_layout 983:Replicating tracks on sheet ['Max7219_8x11']
01-21 00:44:25 com_github_MitjaNemec_ReplicateLayout.replicate_layout 766:Net pairs for sheet ['Max7219_8x11'] :[('Net-(U3-SEG_E)', 'Net-(U7-SEG_E)'), ('/Max7219_8x8/CLK', '/Max7219_8x11/CLK'), ('Net-(U3-ISET)', 'Net-(U7-ISET)'), ('Net-(U3-DIG_1)', 'Net-(U7-DIG_1)'), ('Net-(U3-DIG_6)', 'Net-(U7-DIG_6)'), ('Net-(U3-DIG_4)', 'Net-(U7-DIG_4)'), ('Net-(U3-SEG_C)', 'Net-(U7-SEG_C)'), ('Net-(U3-DIG_5)', 'Net-(U7-DIG_5)'), ('/Max7219_8x8/DOUT', '/Max7219_8x11/DOUT'), ('Net-(U3-SEG_D)', 'Net-(U7-SEG_D)'), ('Net-(U3-SEG_A)', 'Net-(U7-SEG_A)'), ('Net-(U3-SEG_DP)', 'Net-(U7-SEG_DP)'), ('/Max7219_8x8/CS', '/Max7219_8x11/CS'), ('Net-(U3-DIG_3)', 'Net-(U7-DIG_3)'), ('/Max7219_8x8/VCC', '/Max7219_8x11/VCC'), ('Net-(U3-SEG_B)', 'Net-(U7-SEG_B)'), ('/Max7219_8x8/DIN', '/Max7219_8x11/DIN'), ('/Max7219_8x8/GND', '/Max7219_8x11/GND'), ('Net-(U3-DIG_7)', 'Net-(U7-DIG_7)'), ('Net-(U3-DIG_0)', 'Net-(U7-DIG_0)'), ('Net-(U3-SEG_F)', 'Net-(U7-SEG_F)'), ('Net-(U3-DIG_2)', 'Net-(U7-DIG_2)'), ('Net-(U3-SEG_G)', 'Net-(U7-SEG_G)')]
01-21 00:44:25 com_github_MitjaNemec_ReplicateLayout.replicate_layout 983:Replicating tracks on sheet ['Max7219_8x9']
01-21 00:44:25 com_github_MitjaNemec_ReplicateLayout.replicate_layout 766:Net pairs for sheet ['Max7219_8x9'] :[('/Max7219_8x8/CS', '/Max7219_8x9/CS'), ('/Max7219_8x8/DIN', '/Max7219_8x9/DIN'), ('/Max7219_8x8/CLK', '/Max7219_8x9/CLK'), ('Net-(U3-SEG_DP)', 'Net-(U1-SEG_DP)'), ('Net-(U3-DIG_0)', 'Net-(U1-DIG_0)'), ('Net-(U3-DIG_6)', 'Net-(U1-DIG_6)'), ('Net-(U3-DIG_1)', 'Net-(U1-DIG_1)'), ('Net-(U3-DIG_3)', 'Net-(U1-DIG_3)'), ('Net-(U3-ISET)', 'Net-(U1-ISET)'), ('Net-(U3-DIG_4)', 'Net-(U1-DIG_4)'), ('Net-(U3-DIG_2)', 'Net-(U1-DIG_2)'), ('/Max7219_8x8/VCC', '/Max7219_8x9/VCC'), ('Net-(U3-DIG_5)', 'Net-(U1-DIG_5)'), ('/Max7219_8x8/DOUT', '/Max7219_8x9/DOUT'), ('Net-(U3-SEG_B)', 'Net-(U1-SEG_B)'), ('/Max7219_8x8/GND', '/Max7219_8x9/GND'), ('Net-(U3-SEG_A)', 'Net-(U1-SEG_A)'), ('Net-(U3-SEG_C)', 'Net-(U1-SEG_C)'), ('Net-(U3-SEG_D)', 'Net-(U1-SEG_D)'), ('Net-(U3-DIG_7)', 'Net-(U1-DIG_7)'), ('Net-(U3-SEG_E)', 'Net-(U1-SEG_E)'), ('Net-(U3-SEG_F)', 'Net-(U1-SEG_F)'), ('Net-(U3-SEG_G)', 'Net-(U1-SEG_G)')]
01-21 00:44:25 root 332:updating GUI message: 'Replicating zones'
01-21 00:44:25 com_github_MitjaNemec_ReplicateLayout.replicate_layout 1047:Replicating zones
01-21 00:44:25 root 337:updating GUI with: 0
01-21 00:44:25 com_github_MitjaNemec_ReplicateLayout.replicate_layout 1054:Replicating zones on sheet ['Max7219_8x10']
01-21 00:44:25 com_github_MitjaNemec_ReplicateLayout.replicate_layout 766:Net pairs for sheet ['Max7219_8x10'] :[('/Max7219_8x8/GND', '/Max7219_8x10/GND'), ('Net-(U3-DIG_2)', 'Net-(U5-DIG_2)'), ('Net-(U3-SEG_D)', 'Net-(U5-SEG_D)'), ('Net-(U3-SEG_G)', 'Net-(U5-SEG_G)'), ('Net-(U3-ISET)', 'Net-(U5-ISET)'), ('/Max7219_8x8/DIN', '/Max7219_8x10/DIN'), ('/Max7219_8x8/VCC', '/Max7219_8x10/VCC'), ('/Max7219_8x8/CS', '/Max7219_8x10/CS'), ('Net-(U3-SEG_B)', 'Net-(U5-SEG_B)'), ('Net-(U3-DIG_5)', 'Net-(U5-DIG_5)'), ('Net-(U3-DIG_3)', 'Net-(U5-DIG_3)'), ('Net-(U3-DIG_6)', 'Net-(U5-DIG_6)'), ('Net-(U3-SEG_E)', 'Net-(U5-SEG_E)'), ('Net-(U3-DIG_4)', 'Net-(U5-DIG_4)'), ('Net-(U3-SEG_F)', 'Net-(U5-SEG_F)'), ('Net-(U3-DIG_0)', 'Net-(U5-DIG_0)'), ('/Max7219_8x8/CLK', '/Max7219_8x10/CLK'), ('Net-(U3-SEG_DP)', 'Net-(U5-SEG_DP)'), ('Net-(U3-DIG_7)', 'Net-(U5-DIG_7)'), ('Net-(U3-SEG_A)', 'Net-(U5-SEG_A)'), ('/Max7219_8x8/DOUT', '/Max7219_8x10/DOUT'), ('Net-(U3-DIG_1)', 'Net-(U5-DIG_1)'), ('Net-(U3-SEG_C)', 'Net-(U5-SEG_C)')]
01-21 00:44:25 com_github_MitjaNemec_ReplicateLayout.replicate_layout 1054:Replicating zones on sheet ['Max7219_8x11']
01-21 00:44:25 com_github_MitjaNemec_ReplicateLayout.replicate_layout 766:Net pairs for sheet ['Max7219_8x11'] :[('Net-(U3-SEG_E)', 'Net-(U7-SEG_E)'), ('/Max7219_8x8/CLK', '/Max7219_8x11/CLK'), ('Net-(U3-ISET)', 'Net-(U7-ISET)'), ('Net-(U3-DIG_1)', 'Net-(U7-DIG_1)'), ('Net-(U3-DIG_6)', 'Net-(U7-DIG_6)'), ('Net-(U3-DIG_4)', 'Net-(U7-DIG_4)'), ('Net-(U3-SEG_C)', 'Net-(U7-SEG_C)'), ('Net-(U3-DIG_5)', 'Net-(U7-DIG_5)'), ('/Max7219_8x8/DOUT', '/Max7219_8x11/DOUT'), ('Net-(U3-SEG_D)', 'Net-(U7-SEG_D)'), ('Net-(U3-SEG_A)', 'Net-(U7-SEG_A)'), ('Net-(U3-SEG_DP)', 'Net-(U7-SEG_DP)'), ('/Max7219_8x8/CS', '/Max7219_8x11/CS'), ('Net-(U3-DIG_3)', 'Net-(U7-DIG_3)'), ('/Max7219_8x8/VCC', '/Max7219_8x11/VCC'), ('Net-(U3-SEG_B)', 'Net-(U7-SEG_B)'), ('/Max7219_8x8/DIN', '/Max7219_8x11/DIN'), ('/Max7219_8x8/GND', '/Max7219_8x11/GND'), ('Net-(U3-DIG_7)', 'Net-(U7-DIG_7)'), ('Net-(U3-DIG_0)', 'Net-(U7-DIG_0)'), ('Net-(U3-SEG_F)', 'Net-(U7-SEG_F)'), ('Net-(U3-DIG_2)', 'Net-(U7-DIG_2)'), ('Net-(U3-SEG_G)', 'Net-(U7-SEG_G)')]
01-21 00:44:25 com_github_MitjaNemec_ReplicateLayout.replicate_layout 1054:Replicating zones on sheet ['Max7219_8x9']
01-21 00:44:25 com_github_MitjaNemec_ReplicateLayout.replicate_layout 766:Net pairs for sheet ['Max7219_8x9'] :[('/Max7219_8x8/CS', '/Max7219_8x9/CS'), ('/Max7219_8x8/DIN', '/Max7219_8x9/DIN'), ('/Max7219_8x8/CLK', '/Max7219_8x9/CLK'), ('Net-(U3-SEG_DP)', 'Net-(U1-SEG_DP)'), ('Net-(U3-DIG_0)', 'Net-(U1-DIG_0)'), ('Net-(U3-DIG_6)', 'Net-(U1-DIG_6)'), ('Net-(U3-DIG_1)', 'Net-(U1-DIG_1)'), ('Net-(U3-DIG_3)', 'Net-(U1-DIG_3)'), ('Net-(U3-ISET)', 'Net-(U1-ISET)'), ('Net-(U3-DIG_4)', 'Net-(U1-DIG_4)'), ('Net-(U3-DIG_2)', 'Net-(U1-DIG_2)'), ('/Max7219_8x8/VCC', '/Max7219_8x9/VCC'), ('Net-(U3-DIG_5)', 'Net-(U1-DIG_5)'), ('/Max7219_8x8/DOUT', '/Max7219_8x9/DOUT'), ('Net-(U3-SEG_B)', 'Net-(U1-SEG_B)'), ('/Max7219_8x8/GND', '/Max7219_8x9/GND'), ('Net-(U3-SEG_A)', 'Net-(U1-SEG_A)'), ('Net-(U3-SEG_C)', 'Net-(U1-SEG_C)'), ('Net-(U3-SEG_D)', 'Net-(U1-SEG_D)'), ('Net-(U3-DIG_7)', 'Net-(U1-DIG_7)'), ('Net-(U3-SEG_E)', 'Net-(U1-SEG_E)'), ('Net-(U3-SEG_F)', 'Net-(U1-SEG_F)'), ('Net-(U3-SEG_G)', 'Net-(U1-SEG_G)')]
01-21 00:44:25 root 332:updating GUI message: 'Replicating text'
01-21 00:44:25 com_github_MitjaNemec_ReplicateLayout.replicate_layout 1136:Replicating text
01-21 00:44:25 com_github_MitjaNemec_ReplicateLayout.replicate_layout 1143:Replicating text on sheet ['Max7219_8x10']
01-21 00:44:25 com_github_MitjaNemec_ReplicateLayout.replicate_layout 1143:Replicating text on sheet ['Max7219_8x11']
01-21 00:44:25 com_github_MitjaNemec_ReplicateLayout.replicate_layout 1143:Replicating text on sheet ['Max7219_8x9']
01-21 00:44:25 root 332:updating GUI message: 'Replicating drawings'
01-21 00:44:25 com_github_MitjaNemec_ReplicateLayout.replicate_layout 1187:Replicating drawings
01-21 00:44:25 com_github_MitjaNemec_ReplicateLayout.replicate_layout 1193:Replicating drawings on sheet ['Max7219_8x10']
01-21 00:44:25 com_github_MitjaNemec_ReplicateLayout.replicate_layout 1193:Replicating drawings on sheet ['Max7219_8x11']
01-21 00:44:25 com_github_MitjaNemec_ReplicateLayout.replicate_layout 1193:Replicating drawings on sheet ['Max7219_8x9']
01-21 00:44:25 com_github_MitjaNemec_ReplicateLayout.action_replicate_layout 256:Replication complete
